asylum fruit 0.21 0.30009007071166743

autograph shore 0.29 0.16166662941800372

autograph signature 0.55 0.8157293861165157

automobile car 0.64 0.9998996556706325

bird woodland 0.33 0.20008095420436167

boy rooster 0.53 0.11080132041486168

boy lad 0.66 0.8175091595800918

boy sage 0.51 0.3673305438304631

cemetery graveyard 0.73 0.9985079423323266

coast forest 0.36 0.3597957005411917

coast shore 0.76 0.8007400574500415

cock rooster 1.0 0.9999834124992523

cord smile 0.33 0.13411827443312238

cord string 0.68 0.8157293861165157

cushion pillow 0.66 0.8157293861165157

forest graveyard 0.55 0.20159527674690492

forest woodland 0.7 0.9780261147388136

furnace stove 0.72 0.16519856930819068

glass tumbler 0.65 0.8175091595800918

grin smile 0.49 0.9910074536781175

gem jewel 0.83 0.9963341221150145

hill woodland 0.59 0.3597957005411917

hill mound 0.74 0.9910074536781175

implement tool 0.75 0.8157293861165157

journey voyage 0.52 0.818528699209736

magician oracle 0.44 0.3010114189340687

magician wizard 0.65 0.9985079423323266

midday noon 1.0 0.9993931059399421

oracle sage 0.43 0.367656177323778

serf slave 0.39 0.5484785655719903

[NbConvertApp] Converting notebook __script__.ipynb to html

[NbConvertApp] Writing 296276 bytes to __results__.html
